# JRE version: OpenJDK Runtime Environment (8.0_152-b01) (build 1.8.0_152-release-915-b01)
# Java VM: OpenJDK 64-Bit Server VM (25.152-b01 mixed mode linux-amd64 compressed oops)
Heap:
 PSYoungGen      total 353280K, used 29178K [0x00000000e0000000, 0x00000000f7780000, 0x0000000100000000)
  eden space 324096K, 0% used [0x00000000e0000000,0x00000000e0000000,0x00000000f3c80000)
  from space 29184K, 99% used [0x00000000f3c80000,0x00000000f58fe910,0x00000000f5900000)
  to   space 25088K, 0% used [0x00000000f5900000,0x00000000f5900000,0x00000000f7180000)
 ParOldGen       total 190976K, used 190837K [0x00000000a0000000, 0x00000000aba80000, 0x00000000e0000000)
  object space 190976K, 99% used [0x00000000a0000000,0x00000000aba5d770,0x00000000aba80000)
 Metaspace       used 71358K, capacity 73628K, committed 73944K, reserved 1114112K
  class space    used 9135K, capacity 9699K, committed 9728K, reserved 1048576K
GC Heap History (10 events):
Event: 65,482 GC heap after
Heap after GC invocations=15 (full 2):
 PSYoungGen      total 225792K, used 4344K [0x00000000e0000000, 0x00000000f2f80000, 0x0000000100000000)
  eden space 206336K, 0% used [0x00000000e0000000,0x00000000e0000000,0x00000000ec980000)
  from space 19456K, 22% used [0x00000000ec980000,0x00000000ecdbe050,0x00000000edc80000)
  to   space 18944K, 0% used [0x00000000f1d00000,0x00000000f1d00000,0x00000000f2f80000)
 ParOldGen       total 44032K, used 41671K [0x00000000a0000000, 0x00000000a2b00000, 0x00000000e0000000)
  object space 44032K, 94% used [0x00000000a0000000,0x00000000a28b1f48,0x00000000a2b00000)
 Metaspace       used 56963K, capacity 58898K, committed 59028K, reserved 1099776K
  class space    used 7653K, capacity 8140K, committed 8192K, reserved 1048576K
}
Event: 65,482 GC heap before
{Heap before GC invocations=16 (full 3):
 PSYoungGen      total 225792K, used 4344K [0x00000000e0000000, 0x00000000f2f80000, 0x0000000100000000)
  eden space 206336K, 0% used [0x00000000e0000000,0x00000000e0000000,0x00000000ec980000)
  from space 19456K, 22% used [0x00000000ec980000,0x00000000ecdbe050,0x00000000edc80000)
  to   space 18944K, 0% used [0x00000000f1d00000,0x00000000f1d00000,0x00000000f2f80000)
 ParOldGen       total 44032K, used 41671K [0x00000000a0000000, 0x00000000a2b00000, 0x00000000e0000000)
  object space 44032K, 94% used [0x00000000a0000000,0x00000000a28b1f48,0x00000000a2b00000)
 Metaspace       used 56963K, capacity 58898K, committed 59028K, reserved 1099776K
  class space    used 7653K, capacity 8140K, committed 8192K, reserved 1048576K
Event: 65,932 GC heap after
Heap after GC invocations=16 (full 3):
 PSYoungGen      total 225792K, used 0K [0x00000000e0000000, 0x00000000f2f80000, 0x0000000100000000)
  eden space 206336K, 0% used [0x00000000e0000000,0x00000000e0000000,0x00000000ec980000)
  from space 19456K, 0% used [0x00000000ec980000,0x00000000ec980000,0x00000000edc80000)
  to   space 18944K, 0% used [0x00000000f1d00000,0x00000000f1d00000,0x00000000f2f80000)
 ParOldGen       total 78336K, used 35757K [0x00000000a0000000, 0x00000000a4c80000, 0x00000000e0000000)
  object space 78336K, 45% used [0x00000000a0000000,0x00000000a22eb530,0x00000000a4c80000)
 Metaspace       used 56963K, capacity 58898K, committed 59028K, reserved 1099776K
  class space    used 7653K, capacity 8140K, committed 8192K, reserved 1048576K
}
Event: 72,232 GC heap before
{Heap before GC invocations=17 (full 3):
 PSYoungGen      total 225792K, used 206336K [0x00000000e0000000, 0x00000000f2f80000, 0x0000000100000000)
  eden space 206336K, 100% used [0x00000000e0000000,0x00000000ec980000,0x00000000ec980000)
  from space 19456K, 0% used [0x00000000ec980000,0x00000000ec980000,0x00000000edc80000)
  to   space 18944K, 0% used [0x00000000f1d00000,0x00000000f1d00000,0x00000000f2f80000)
 ParOldGen       total 78336K, used 35757K [0x00000000a0000000, 0x00000000a4c80000, 0x00000000e0000000)
  object space 78336K, 45% used [0x00000000a0000000,0x00000000a22eb530,0x00000000a4c80000)
 Metaspace       used 60007K, capacity 62100K, committed 62296K, reserved 1103872K
  class space    used 7958K, capacity 8469K, committed 8576K, reserved 1048576K
Event: 72,267 GC heap after
Heap after GC invocations=17 (full 3):
 PSYoungGen      total 282624K, used 18924K [0x00000000e0000000, 0x00000000f2f80000, 0x0000000100000000)
  eden space 263680K, 0% used [0x00000000e0000000,0x00000000e0000000,0x00000000f0180000)
  from space 18944K, 99% used [0x00000000f1d00000,0x00000000f2f7b0e0,0x00000000f2f80000)
  to   space 23040K, 0% used [0x00000000f0280000,0x00000000f0280000,0x00000000f1900000)
 ParOldGen       total 78336K, used 37920K [0x00000000a0000000, 0x00000000a4c80000, 0x00000000e0000000)
  object space 78336K, 48% used [0x00000000a0000000,0x00000000a2508250,0x00000000a4c80000)
 Metaspace       used 60007K, capacity 62100K, committed 62296K, reserved 1103872K
  class space    used 7958K, capacity 8469K, committed 8576K, reserved 1048576K
}
Event: 100,346 GC heap before
{Heap before GC invocations=18 (full 3):
 PSYoungGen      total 282624K, used 282604K [0x00000000e0000000, 0x00000000f2f80000, 0x0000000100000000)
  eden space 263680K, 100% used [0x00000000e0000000,0x00000000f0180000,0x00000000f0180000)
  from space 18944K, 99% used [0x00000000f1d00000,0x00000000f2f7b0e0,0x00000000f2f80000)
  to   space 23040K, 0% used [0x00000000f0280000,0x00000000f0280000,0x00000000f1900000)
 ParOldGen       total 78336K, used 37920K [0x00000000a0000000, 0x00000000a4c80000, 0x00000000e0000000)
  object space 78336K, 48% used [0x00000000a0000000,0x00000000a2508250,0x00000000a4c80000)
 Metaspace       used 65639K, capacity 67878K, committed 68056K, reserved 1107968K
  class space    used 8657K, capacity 9190K, committed 9216K, reserved 1048576K
Event: 100,393 GC heap after
Heap after GC invocations=18 (full 3):
 PSYoungGen      total 287744K, used 19023K [0x00000000e0000000, 0x00000000f7180000, 0x0000000100000000)
  eden space 264704K, 0% used [0x00000000e0000000,0x00000000e0000000,0x00000000f0280000)
  from space 23040K, 82% used [0x00000000f0280000,0x00000000f1513da0,0x00000000f1900000)
  to   space 25088K, 0% used [0x00000000f5900000,0x00000000f5900000,0x00000000f7180000)
 ParOldGen       total 78336K, used 54894K [0x00000000a0000000, 0x00000000a4c80000, 0x00000000e0000000)
  object space 78336K, 70% used [0x00000000a0000000,0x00000000a359bbd8,0x00000000a4c80000)
 Metaspace       used 65639K, capacity 67878K, committed 68056K, reserved 1107968K
  class space    used 8657K, capacity 9190K, committed 9216K, reserved 1048576K
}
Event: 117,046 GC heap before
{Heap before GC invocations=19 (full 3):
 PSYoungGen      total 287744K, used 283727K [0x00000000e0000000, 0x00000000f7180000, 0x0000000100000000)
  eden space 264704K, 100% used [0x00000000e0000000,0x00000000f0280000,0x00000000f0280000)
  from space 23040K, 82% used [0x00000000f0280000,0x00000000f1513da0,0x00000000f1900000)
  to   space 25088K, 0% used [0x00000000f5900000,0x00000000f5900000,0x00000000f7180000)
 ParOldGen       total 78336K, used 54894K [0x00000000a0000000, 0x00000000a4c80000, 0x00000000e0000000)
  object space 78336K, 70% used [0x00000000a0000000,0x00000000a359bbd8,0x00000000a4c80000)
 Metaspace       used 70805K, capacity 73130K, committed 73432K, reserved 1114112K
  class space    used 9096K, capacity 9660K, committed 9728K, reserved 1048576K
Event: 117,114 GC heap after
Heap after GC invocations=19 (full 3):
 PSYoungGen      total 349184K, used 25080K [0x00000000e0000000, 0x00000000f7780000, 0x0000000100000000)
  eden space 324096K, 0% used [0x00000000e0000000,0x00000000e0000000,0x00000000f3c80000)
  from space 25088K, 99% used [0x00000000f5900000,0x00000000f717e0e8,0x00000000f7180000)
  to   space 29184K, 0% used [0x00000000f3c80000,0x00000000f3c80000,0x00000000f5900000)
 ParOldGen       total 78336K, used 55230K [0x00000000a0000000, 0x00000000a4c80000, 0x00000000e0000000)
  object space 78336K, 70% used [0x00000000a0000000,0x00000000a35efbf0,0x00000000a4c80000)
 Metaspace       used 70805K, capacity 73130K, committed 73432K, reserved 1114112K
  class space    used 9096K, capacity 9660K, committed 9728K, reserved 1048576K
}
Event: 122,256 GC heap before
{Heap before GC invocations=20 (full 3):
 PSYoungGen      total 349184K, used 349176K [0x00000000e0000000, 0x00000000f7780000, 0x0000000100000000)
  eden space 324096K, 100% used [0x00000000e0000000,0x00000000f3c80000,0x00000000f3c80000)
  from space 25088K, 99% used [0x00000000f5900000,0x00000000f717e0e8,0x00000000f7180000)
  to   space 29184K, 0% used [0x00000000f3c80000,0x00000000f3c80000,0x00000000f5900000)
 ParOldGen       total 78336K, used 55230K [0x00000000a0000000, 0x00000000a4c80000, 0x00000000e0000000)
  object space 78336K, 70% used [0x00000000a0000000,0x00000000a35efbf0,0x00000000a4c80000)
 Metaspace       used 71358K, capacity 73628K, committed 73944K, reserved 1114112K
  class space    used 9135K, capacity 9699K, committed 9728K, reserved 1048576K

