# JRE version: Java(TM) SE Runtime Environment (8.0_171-b11) (build 1.8.0_171-b11)
# Java VM: Java HotSpot(TM) 64-Bit Server VM (25.171-b11 mixed mode linux-amd64 compressed oops)
Heap:
 PSYoungGen      total 185344K, used 44534K [0x00000000e0000000, 0x00000000efa80000, 0x0000000100000000)
  eden space 140800K, 0% used [0x00000000e0000000,0x00000000e0000000,0x00000000e8980000)
  from space 44544K, 99% used [0x00000000ecf00000,0x00000000efa7d978,0x00000000efa80000)
  to   space 33792K, 0% used [0x00000000e8980000,0x00000000e8980000,0x00000000eaa80000)
 ParOldGen       total 172544K, used 172313K [0x00000000a0000000, 0x00000000aa880000, 0x00000000e0000000)
  object space 172544K, 99% used [0x00000000a0000000,0x00000000aa846558,0x00000000aa880000)
 Metaspace       used 74601K, capacity 76580K, committed 76696K, reserved 1116160K
  class space    used 9640K, capacity 10115K, committed 10160K, reserved 1048576K
GC Heap History (10 events):
Event: 96,918 GC heap after
Heap after GC invocations=27 (full 3):
 PSYoungGen      total 146944K, used 20472K [0x00000000e0000000, 0x00000000ec700000, 0x0000000100000000)
  eden space 126464K, 0% used [0x00000000e0000000,0x00000000e0000000,0x00000000e7b80000)
  from space 20480K, 99% used [0x00000000e9b00000,0x00000000eaefe070,0x00000000eaf00000)
  to   space 32256K, 0% used [0x00000000e7b80000,0x00000000e7b80000,0x00000000e9b00000)
 ParOldGen       total 86016K, used 77810K [0x00000000a0000000, 0x00000000a5400000, 0x00000000e0000000)
  object space 86016K, 90% used [0x00000000a0000000,0x00000000a4bfc918,0x00000000a5400000)
 Metaspace       used 69417K, capacity 71294K, committed 71576K, reserved 1112064K
  class space    used 9164K, capacity 9592K, committed 9648K, reserved 1048576K
}
Event: 96,918 GC heap before
{Heap before GC invocations=28 (full 4):
 PSYoungGen      total 146944K, used 20472K [0x00000000e0000000, 0x00000000ec700000, 0x0000000100000000)
  eden space 126464K, 0% used [0x00000000e0000000,0x00000000e0000000,0x00000000e7b80000)
  from space 20480K, 99% used [0x00000000e9b00000,0x00000000eaefe070,0x00000000eaf00000)
  to   space 32256K, 0% used [0x00000000e7b80000,0x00000000e7b80000,0x00000000e9b00000)
 ParOldGen       total 86016K, used 77810K [0x00000000a0000000, 0x00000000a5400000, 0x00000000e0000000)
  object space 86016K, 90% used [0x00000000a0000000,0x00000000a4bfc918,0x00000000a5400000)
 Metaspace       used 69417K, capacity 71294K, committed 71576K, reserved 1112064K
  class space    used 9164K, capacity 9592K, committed 9648K, reserved 1048576K
Event: 97,348 GC heap after
Heap after GC invocations=28 (full 4):
 PSYoungGen      total 146944K, used 0K [0x00000000e0000000, 0x00000000ec700000, 0x0000000100000000)
  eden space 126464K, 0% used [0x00000000e0000000,0x00000000e0000000,0x00000000e7b80000)
  from space 20480K, 0% used [0x00000000e9b00000,0x00000000e9b00000,0x00000000eaf00000)
  to   space 32256K, 0% used [0x00000000e7b80000,0x00000000e7b80000,0x00000000e9b00000)
 ParOldGen       total 156160K, used 73440K [0x00000000a0000000, 0x00000000a9880000, 0x00000000e0000000)
  object space 156160K, 47% used [0x00000000a0000000,0x00000000a47b8380,0x00000000a9880000)
 Metaspace       used 69417K, capacity 71294K, committed 71576K, reserved 1112064K
  class space    used 9164K, capacity 9592K, committed 9648K, reserved 1048576K
}
Event: 107,835 GC heap before
{Heap before GC invocations=29 (full 4):
 PSYoungGen      total 146944K, used 126464K [0x00000000e0000000, 0x00000000ec700000, 0x0000000100000000)
  eden space 126464K, 100% used [0x00000000e0000000,0x00000000e7b80000,0x00000000e7b80000)
  from space 20480K, 0% used [0x00000000e9b00000,0x00000000e9b00000,0x00000000eaf00000)
  to   space 32256K, 0% used [0x00000000e7b80000,0x00000000e7b80000,0x00000000e9b00000)
 ParOldGen       total 156160K, used 73440K [0x00000000a0000000, 0x00000000a9880000, 0x00000000e0000000)
  object space 156160K, 47% used [0x00000000a0000000,0x00000000a47b8380,0x00000000a9880000)
 Metaspace       used 71569K, capacity 73520K, committed 73624K, reserved 1114112K
  class space    used 9385K, capacity 9875K, committed 9904K, reserved 1048576K
Event: 107,892 GC heap after
Heap after GC invocations=29 (full 4):
 PSYoungGen      total 158720K, used 18272K [0x00000000e0000000, 0x00000000eca00000, 0x0000000100000000)
  eden space 126464K, 0% used [0x00000000e0000000,0x00000000e0000000,0x00000000e7b80000)
  from space 32256K, 56% used [0x00000000e7b80000,0x00000000e8d58368,0x00000000e9b00000)
  to   space 32256K, 0% used [0x00000000eaa80000,0x00000000eaa80000,0x00000000eca00000)
 ParOldGen       total 156160K, used 73448K [0x00000000a0000000, 0x00000000a9880000, 0x00000000e0000000)
  object space 156160K, 47% used [0x00000000a0000000,0x00000000a47ba380,0x00000000a9880000)
 Metaspace       used 71569K, capacity 73520K, committed 73624K, reserved 1114112K
  class space    used 9385K, capacity 9875K, committed 9904K, reserved 1048576K
}
Event: 111,826 GC heap before
{Heap before GC invocations=30 (full 4):
 PSYoungGen      total 158720K, used 144736K [0x00000000e0000000, 0x00000000eca00000, 0x0000000100000000)
  eden space 126464K, 100% used [0x00000000e0000000,0x00000000e7b80000,0x00000000e7b80000)
  from space 32256K, 56% used [0x00000000e7b80000,0x00000000e8d58368,0x00000000e9b00000)
  to   space 32256K, 0% used [0x00000000eaa80000,0x00000000eaa80000,0x00000000eca00000)
 ParOldGen       total 156160K, used 73448K [0x00000000a0000000, 0x00000000a9880000, 0x00000000e0000000)
  object space 156160K, 47% used [0x00000000a0000000,0x00000000a47ba380,0x00000000a9880000)
 Metaspace       used 74086K, capacity 76042K, committed 76184K, reserved 1116160K
  class space    used 9587K, capacity 10070K, committed 10160K, reserved 1048576K
Event: 111,900 GC heap after
Heap after GC invocations=30 (full 4):
 PSYoungGen      total 173056K, used 22643K [0x00000000e0000000, 0x00000000ecf80000, 0x0000000100000000)
  eden space 140800K, 0% used [0x00000000e0000000,0x00000000e0000000,0x00000000e8980000)
  from space 32256K, 70% used [0x00000000eaa80000,0x00000000ec09cde0,0x00000000eca00000)
  to   space 33792K, 0% used [0x00000000e8980000,0x00000000e8980000,0x00000000eaa80000)
 ParOldGen       total 156160K, used 73456K [0x00000000a0000000, 0x00000000a9880000, 0x00000000e0000000)
  object space 156160K, 47% used [0x00000000a0000000,0x00000000a47bc380,0x00000000a9880000)
 Metaspace       used 74086K, capacity 76042K, committed 76184K, reserved 1116160K
  class space    used 9587K, capacity 10070K, committed 10160K, reserved 1048576K
}
Event: 113,826 GC heap before
{Heap before GC invocations=31 (full 4):
 PSYoungGen      total 173056K, used 163443K [0x00000000e0000000, 0x00000000ecf80000, 0x0000000100000000)
  eden space 140800K, 100% used [0x00000000e0000000,0x00000000e8980000,0x00000000e8980000)
  from space 32256K, 70% used [0x00000000eaa80000,0x00000000ec09cde0,0x00000000eca00000)
  to   space 33792K, 0% used [0x00000000e8980000,0x00000000e8980000,0x00000000eaa80000)
 ParOldGen       total 156160K, used 73456K [0x00000000a0000000, 0x00000000a9880000, 0x00000000e0000000)
  object space 156160K, 47% used [0x00000000a0000000,0x00000000a47bc380,0x00000000a9880000)
 Metaspace       used 74407K, capacity 76436K, committed 76696K, reserved 1116160K
  class space    used 9617K, capacity 10111K, committed 10160K, reserved 1048576K
Event: 113,917 GC heap after
Heap after GC invocations=31 (full 4):
 PSYoungGen      total 174592K, used 33791K [0x00000000e0000000, 0x00000000efa80000, 0x0000000100000000)
  eden space 140800K, 0% used [0x00000000e0000000,0x00000000e0000000,0x00000000e8980000)
  from space 33792K, 99% used [0x00000000e8980000,0x00000000eaa7ff18,0x00000000eaa80000)
  to   space 44544K, 0% used [0x00000000ecf00000,0x00000000ecf00000,0x00000000efa80000)
 ParOldGen       total 156160K, used 87859K [0x00000000a0000000, 0x00000000a9880000, 0x00000000e0000000)
  object space 156160K, 56% used [0x00000000a0000000,0x00000000a55cce88,0x00000000a9880000)
 Metaspace       used 74407K, capacity 76436K, committed 76696K, reserved 1116160K
  class space    used 9617K, capacity 10111K, committed 10160K, reserved 1048576K
}
Event: 114,848 GC heap before
{Heap before GC invocations=32 (full 4):
 PSYoungGen      total 174592K, used 174591K [0x00000000e0000000, 0x00000000efa80000, 0x0000000100000000)
  eden space 140800K, 100% used [0x00000000e0000000,0x00000000e8980000,0x00000000e8980000)
  from space 33792K, 99% used [0x00000000e8980000,0x00000000eaa7ff18,0x00000000eaa80000)
  to   space 44544K, 0% used [0x00000000ecf00000,0x00000000ecf00000,0x00000000efa80000)
 ParOldGen       total 156160K, used 87859K [0x00000000a0000000, 0x00000000a9880000, 0x00000000e0000000)
  object space 156160K, 56% used [0x00000000a0000000,0x00000000a55cce88,0x00000000a9880000)
 Metaspace       used 74601K, capacity 76580K, committed 76696K, reserved 1116160K
  class space    used 9640K, capacity 10115K, committed 10160K, reserved 1048576K

